# JRE version: OpenJDK Runtime Environment (11.0.10) (build 11.0.10+0-b96-7249189)
# Java VM: OpenJDK 64-Bit Server VM (11.0.10+0-b96-7249189, mixed mode, tiered, compressed oops, g1 gc, windows-amd64)
Heap:
 garbage-first heap   total 517120K, used 240264K [0x0000000080000000, 0x0000000100000000)
  region size 1024K, 4 young (4096K), 4 survivors (4096K)
 Metaspace       used 222850K, capacity 229346K, committed 229580K, reserved 1249280K
  class space    used 27581K, capacity 29863K, committed 29900K, reserved 1048576K
GC Heap History (20 events):
Event: 968.762 GC heap after
{Heap after GC invocations=118 (full 0):
 garbage-first heap   total 273408K, used 196030K [0x0000000080000000, 0x0000000100000000)
  region size 1024K, 1 young (1024K), 1 survivors (1024K)
 Metaspace       used 209690K, capacity 215849K, committed 216140K, reserved 1236992K
  class space    used 25760K, capacity 27897K, committed 27980K, reserved 1048576K
}
Event: 969.104 GC heap before
{Heap before GC invocations=118 (full 0):
 garbage-first heap   total 273408K, used 225726K [0x0000000080000000, 0x0000000100000000)
  region size 1024K, 31 young (31744K), 1 survivors (1024K)
 Metaspace       used 211705K, capacity 217838K, committed 218060K, reserved 1239040K
  class space    used 25944K, capacity 28069K, committed 28108K, reserved 1048576K
}
Event: 969.113 GC heap after
{Heap after GC invocations=119 (full 0):
 garbage-first heap   total 273408K, used 200704K [0x0000000080000000, 0x0000000100000000)
  region size 1024K, 4 young (4096K), 4 survivors (4096K)
 Metaspace       used 211705K, capacity 217838K, committed 218060K, reserved 1239040K
  class space    used 25944K, capacity 28069K, committed 28108K, reserved 1048576K
}
Event: 969.875 GC heap before
{Heap before GC invocations=120 (full 0):
 garbage-first heap   total 273408K, used 218112K [0x0000000080000000, 0x0000000100000000)
  region size 1024K, 32 young (32768K), 4 survivors (4096K)
 Metaspace       used 212376K, capacity 218552K, committed 218700K, reserved 1239040K
  class space    used 25993K, capacity 28135K, committed 28236K, reserved 1048576K
}
Event: 969.889 GC heap after
{Heap after GC invocations=121 (full 0):
 garbage-first heap   total 273408K, used 190990K [0x0000000080000000, 0x0000000100000000)
  region size 1024K, 3 young (3072K), 3 survivors (3072K)
 Metaspace       used 212376K, capacity 218552K, committed 218700K, reserved 1239040K
  class space    used 25993K, capacity 28135K, committed 28236K, reserved 1048576K
}
Event: 969.999 GC heap before
{Heap before GC invocations=121 (full 0):
 garbage-first heap   total 273408K, used 201230K [0x0000000080000000, 0x0000000100000000)
  region size 1024K, 13 young (13312K), 3 survivors (3072K)
 Metaspace       used 212379K, capacity 218552K, committed 218700K, reserved 1239040K
  class space    used 25993K, capacity 28135K, committed 28236K, reserved 1048576K
}
Event: 970.012 GC heap after
{Heap after GC invocations=122 (full 0):
 garbage-first heap   total 273408K, used 181520K [0x0000000080000000, 0x0000000100000000)
  region size 1024K, 1 young (1024K), 1 survivors (1024K)
 Metaspace       used 212379K, capacity 218552K, committed 218700K, reserved 1239040K
  class space    used 25993K, capacity 28135K, committed 28236K, reserved 1048576K
}
Event: 970.477 GC heap before
{Heap before GC invocations=122 (full 0):
 garbage-first heap   total 273408K, used 214288K [0x0000000080000000, 0x0000000100000000)
  region size 1024K, 35 young (35840K), 1 survivors (1024K)
 Metaspace       used 212908K, capacity 219047K, committed 219212K, reserved 1241088K
  class space    used 26035K, capacity 28170K, committed 28236K, reserved 1048576K
}
Event: 970.484 GC heap after
{Heap after GC invocations=123 (full 0):
 garbage-first heap   total 328704K, used 181290K [0x0000000080000000, 0x0000000100000000)
  region size 1024K, 1 young (1024K), 1 survivors (1024K)
 Metaspace       used 212908K, capacity 219047K, committed 219212K, reserved 1241088K
  class space    used 26035K, capacity 28170K, committed 28236K, reserved 1048576K
}
Event: 971.624 GC heap before
{Heap before GC invocations=124 (full 0):
 garbage-first heap   total 328704K, used 259114K [0x0000000080000000, 0x0000000100000000)
  region size 1024K, 70 young (71680K), 1 survivors (1024K)
 Metaspace       used 215472K, capacity 221604K, committed 221900K, reserved 1243136K
  class space    used 26367K, capacity 28532K, committed 28620K, reserved 1048576K
}
Event: 971.635 GC heap after
{Heap after GC invocations=125 (full 0):
 garbage-first heap   total 328704K, used 192990K [0x0000000080000000, 0x0000000100000000)
  region size 1024K, 8 young (8192K), 8 survivors (8192K)
 Metaspace       used 215472K, capacity 221604K, committed 221900K, reserved 1243136K
  class space    used 26367K, capacity 28532K, committed 28620K, reserved 1048576K
}
Event: 971.700 GC heap before
{Heap before GC invocations=125 (full 0):
 garbage-first heap   total 328704K, used 201182K [0x0000000080000000, 0x0000000100000000)
  region size 1024K, 16 young (16384K), 8 survivors (8192K)
 Metaspace       used 216256K, capacity 222400K, committed 222540K, reserved 1243136K
  class space    used 26483K, capacity 28647K, committed 28748K, reserved 1048576K
}
Event: 971.708 GC heap after
{Heap after GC invocations=126 (full 0):
 garbage-first heap   total 328704K, used 190992K [0x0000000080000000, 0x0000000100000000)
  region size 1024K, 1 young (1024K), 1 survivors (1024K)
 Metaspace       used 216256K, capacity 222400K, committed 222540K, reserved 1243136K
  class space    used 26483K, capacity 28647K, committed 28748K, reserved 1048576K
}
Event: 972.202 GC heap before
{Heap before GC invocations=126 (full 0):
 garbage-first heap   total 328704K, used 269840K [0x0000000080000000, 0x0000000100000000)
  region size 1024K, 67 young (68608K), 1 survivors (1024K)
 Metaspace       used 218384K, capacity 224667K, committed 224972K, reserved 1245184K
  class space    used 26837K, capacity 29036K, committed 29132K, reserved 1048576K
}
Event: 972.224 GC heap after
{Heap after GC invocations=127 (full 0):
 garbage-first heap   total 328704K, used 210650K [0x0000000080000000, 0x0000000100000000)
  region size 1024K, 9 young (9216K), 9 survivors (9216K)
 Metaspace       used 218384K, capacity 224667K, committed 224972K, reserved 1245184K
  class space    used 26837K, capacity 29036K, committed 29132K, reserved 1048576K
}
Event: 972.684 GC heap before
{Heap before GC invocations=127 (full 0):
 garbage-first heap   total 328704K, used 263898K [0x0000000080000000, 0x0000000100000000)
  region size 1024K, 61 young (62464K), 9 survivors (9216K)
 Metaspace       used 220126K, capacity 226474K, committed 226636K, reserved 1247232K
  class space    used 27173K, capacity 29389K, committed 29516K, reserved 1048576K
}
Event: 972.745 GC heap after
{Heap after GC invocations=128 (full 0):
 garbage-first heap   total 328704K, used 231380K [0x0000000080000000, 0x0000000100000000)
  region size 1024K, 8 young (8192K), 8 survivors (8192K)
 Metaspace       used 220126K, capacity 226474K, committed 226636K, reserved 1247232K
  class space    used 27173K, capacity 29389K, committed 29516K, reserved 1048576K
}
Event: 973.119 GC heap before
{Heap before GC invocations=128 (full 0):
 garbage-first heap   total 328704K, used 265172K [0x0000000080000000, 0x0000000100000000)
  region size 1024K, 42 young (43008K), 8 survivors (8192K)
 Metaspace       used 222126K, capacity 228533K, committed 228684K, reserved 1249280K
  class space    used 27459K, capacity 29704K, committed 29772K, reserved 1048576K
}
Event: 973.151 GC heap after
{Heap after GC invocations=129 (full 0):
 garbage-first heap   total 328704K, used 242176K [0x0000000080000000, 0x0000000100000000)
  region size 1024K, 6 young (6144K), 6 survivors (6144K)
 Metaspace       used 222126K, capacity 228533K, committed 228684K, reserved 1249280K
  class space    used 27459K, capacity 29704K, committed 29772K, reserved 1048576K
}
Event: 973.966 GC heap before
{Heap before GC invocations=129 (full 0):
 garbage-first heap   total 328704K, used 263680K [0x0000000080000000, 0x0000000100000000)
  region size 1024K, 34 young (34816K), 6 survivors (6144K)
 Metaspace       used 222850K, capacity 229346K, committed 229580K, reserved 1249280K
  class space    used 27581K, capacity 29863K, committed 29900K, reserved 1048576K
}

